<?xml version="1.0" encoding="UTF-8"?>
<!-- Generated by org.testng.reporters.JUnitXMLReporter -->
<testsuite hostname="NISHANT" ignored="0" name="Command line test" tests="6" failures="0" timestamp="17 Aug 2017 15:38:26 GMT" time="163.238" errors="0">
  <testcase name="testAudiA6" time="0.013" classname="com.expedia.flightsbooking.TestNG_Grouping"/>
  <testcase name="testBMWX6" time="0.001" classname="com.expedia.flightsbooking.TestNG_Grouping"/>
  <testcase name="testHondaCBR" time="0.0" classname="com.expedia.flightsbooking.TestNG_Grouping"/>
  <testcase name="testNinja" time="0.001" classname="com.expedia.flightsbooking.TestNG_Grouping"/>
  <testcase name="test" time="63.827" classname="com.expedia.flightsbooking.TestNG_TestSuite"/>
  <testcase name="test" time="37.859" classname="page.classes.FrameWorkTestCase"/>
</testsuite> <!-- Command line test -->
