<?xml version="1.0" encoding="UTF-8"?>
<testng-results skipped="0" failed="0" ignored="0" total="1" passed="1">
  <reporter-output>
  </reporter-output>
  <suite name="Regression TestSuite" duration-ms="126731" started-at="2017-08-17T19:03:58Z" finished-at="2017-08-17T19:06:05Z">
    <groups>
    </groups>
    <test name="Application Test" duration-ms="126731" started-at="2017-08-17T19:03:58Z" finished-at="2017-08-17T19:06:05Z">
      <class name="com.expedia.flightsbooking.TestNG_TestSuite">
        <test-method status="PASS" signature="setUp()[pri:0, instance:com.expedia.flightsbooking.TestNG_TestSuite@13fee20c]" name="setUp" is-config="true" duration-ms="37688" started-at="2017-08-17T15:03:58Z" finished-at="2017-08-17T15:04:36Z">
          <reporter-output>
          </reporter-output>
        </test-method> <!-- setUp -->
        <test-method status="PASS" signature="test()[pri:0, instance:com.expedia.flightsbooking.TestNG_TestSuite@13fee20c]" name="test" duration-ms="79225" started-at="2017-08-17T15:04:36Z" finished-at="2017-08-17T15:05:55Z">
          <reporter-output>
          </reporter-output>
        </test-method> <!-- test -->
        <test-method status="PASS" signature="afterClass()[pri:0, instance:com.expedia.flightsbooking.TestNG_TestSuite@13fee20c]" name="afterClass" is-config="true" duration-ms="9790" started-at="2017-08-17T15:05:55Z" finished-at="2017-08-17T15:06:05Z">
          <reporter-output>
          </reporter-output>
        </test-method> <!-- afterClass -->
      </class> <!-- com.expedia.flightsbooking.TestNG_TestSuite -->
    </test> <!-- Application Test -->
  </suite> <!-- Regression TestSuite -->
</testng-results>
